<?xml version="1.0" encoding="UTF-8"?>
<testng-results ignored="0" total="1" passed="1" failed="0" skipped="0">
  <reporter-output>
  </reporter-output>
  <suite started-at="2021-01-20T09:07:33Z" name="Suite" finished-at="2021-01-20T09:09:05Z" duration-ms="92121">
    <groups>
    </groups>
    <test started-at="2021-01-20T09:07:33Z" name="Test" finished-at="2021-01-20T09:09:05Z" duration-ms="92121">
      <class name="Demo_Maven.Demo_Maven">
        <test-method signature="method1()[pri:0, instance:Demo_Maven.Demo_Maven@55040f2f]" started-at="2021-01-20T09:07:33Z" name="method1" finished-at="2021-01-20T09:09:05Z" duration-ms="92081" status="PASS">
          <reporter-output>
          </reporter-output>
        </test-method> <!-- method1 -->
      </class> <!-- Demo_Maven.Demo_Maven -->
    </test> <!-- Test -->
  </suite> <!-- Suite -->
</testng-results>
